# JRE version: OpenJDK Runtime Environment Temurin-21.0.10+7 (21.0.10+7) (build 21.0.10+7-LTS)
# Java VM: OpenJDK 64-Bit Server VM Temurin-21.0.10+7 (21.0.10+7-LTS, mixed mode, sharing, tiered, compressed oops, compressed class ptrs, parallel gc, windows-amd64)
GC Precious Log:
 CardTable entry size: 512
 CPUs: 4 total, 4 available
 Memory: 16252M
 Large Page Support: Disabled
 NUMA Support: Disabled
 Compressed Oops: Enabled (32-bit)
 Alignments: Space 512K, Generation 512K, Heap 2M
 Heap Min Capacity: 100M
 Heap Initial Capacity: 100M
 Heap Max Capacity: 1G
 Pre-touch: Disabled
 Parallel Workers: 4
Heap:
 PSYoungGen      total 14336K, used 7840K [0x00000000eab00000, 0x00000000ebc00000, 0x0000000100000000)
  eden space 13312K, 56% used [0x00000000eab00000,0x00000000eb264be0,0x00000000eb800000)
  from space 1024K, 26% used [0x00000000eba00000,0x00000000eba43818,0x00000000ebb00000)
  to   space 512K, 0% used [0x00000000ebb80000,0x00000000ebb80000,0x00000000ebc00000)
 ParOldGen       total 68608K, used 47961K [0x00000000c0000000, 0x00000000c4300000, 0x00000000eab00000)
  object space 68608K, 69% used [0x00000000c0000000,0x00000000c2ed6748,0x00000000c4300000)
 Metaspace       used 62894K, committed 64000K, reserved 1114112K
  class space    used 6654K, committed 7104K, reserved 1048576K
GC Heap History (20 events):
Event: 66245.983 GC heap before
{Heap before GC invocations=127 (full 3):
 PSYoungGen      total 15360K, used 15264K [0x00000000eab00000, 0x00000000ebb00000, 0x0000000100000000)
  eden space 14848K, 100% used [0x00000000eab00000,0x00000000eb980000,0x00000000eb980000)
  from space 512K, 81% used [0x00000000eba00000,0x00000000eba68000,0x00000000eba80000)
  to   space 512K, 0% used [0x00000000eba80000,0x00000000eba80000,0x00000000ebb00000)
 ParOldGen       total 68608K, used 38883K [0x00000000c0000000, 0x00000000c4300000, 0x00000000eab00000)
  object space 68608K, 56% used [0x00000000c0000000,0x00000000c25f8ea8,0x00000000c4300000)
 Metaspace       used 59122K, committed 60352K, reserved 1114112K
  class space    used 6279K, committed 6848K, reserved 1048576K
}
Event: 66245.986 GC heap after
{Heap after GC invocations=127 (full 3):
 PSYoungGen      total 15360K, used 480K [0x00000000eab00000, 0x00000000ebb00000, 0x0000000100000000)
  eden space 14848K, 0% used [0x00000000eab00000,0x00000000eab00000,0x00000000eb980000)
  from space 512K, 93% used [0x00000000eba80000,0x00000000ebaf8000,0x00000000ebb00000)
  to   space 512K, 0% used [0x00000000eba00000,0x00000000eba00000,0x00000000eba80000)
 ParOldGen       total 68608K, used 39251K [0x00000000c0000000, 0x00000000c4300000, 0x00000000eab00000)
  object space 68608K, 57% used [0x00000000c0000000,0x00000000c2654ea8,0x00000000c4300000)
 Metaspace       used 59122K, committed 60352K, reserved 1114112K
  class space    used 6279K, committed 6848K, reserved 1048576K
}
Event: 66246.041 GC heap before
{Heap before GC invocations=128 (full 3):
 PSYoungGen      total 15360K, used 15328K [0x00000000eab00000, 0x00000000ebb00000, 0x0000000100000000)
  eden space 14848K, 100% used [0x00000000eab00000,0x00000000eb980000,0x00000000eb980000)
  from space 512K, 93% used [0x00000000eba80000,0x00000000ebaf8000,0x00000000ebb00000)
  to   space 512K, 0% used [0x00000000eba00000,0x00000000eba00000,0x00000000eba80000)
 ParOldGen       total 68608K, used 39251K [0x00000000c0000000, 0x00000000c4300000, 0x00000000eab00000)
  object space 68608K, 57% used [0x00000000c0000000,0x00000000c2654ea8,0x00000000c4300000)
 Metaspace       used 59122K, committed 60352K, reserved 1114112K
  class space    used 6279K, committed 6848K, reserved 1048576K
}
Event: 66246.045 GC heap after
{Heap after GC invocations=128 (full 3):
 PSYoungGen      total 15360K, used 384K [0x00000000eab00000, 0x00000000ebb00000, 0x0000000100000000)
  eden space 14848K, 0% used [0x00000000eab00000,0x00000000eab00000,0x00000000eb980000)
  from space 512K, 75% used [0x00000000eba00000,0x00000000eba60000,0x00000000eba80000)
  to   space 512K, 0% used [0x00000000eba80000,0x00000000eba80000,0x00000000ebb00000)
 ParOldGen       total 68608K, used 39635K [0x00000000c0000000, 0x00000000c4300000, 0x00000000eab00000)
  object space 68608K, 57% used [0x00000000c0000000,0x00000000c26b4eb8,0x00000000c4300000)
 Metaspace       used 59122K, committed 60352K, reserved 1114112K
  class space    used 6279K, committed 6848K, reserved 1048576K
}
Event: 66246.378 GC heap before
{Heap before GC invocations=129 (full 3):
 PSYoungGen      total 15360K, used 14718K [0x00000000eab00000, 0x00000000ebb00000, 0x0000000100000000)
  eden space 14848K, 96% used [0x00000000eab00000,0x00000000eb8ff818,0x00000000eb980000)
  from space 512K, 75% used [0x00000000eba00000,0x00000000eba60000,0x00000000eba80000)
  to   space 512K, 0% used [0x00000000eba80000,0x00000000eba80000,0x00000000ebb00000)
 ParOldGen       total 68608K, used 39635K [0x00000000c0000000, 0x00000000c4300000, 0x00000000eab00000)
  object space 68608K, 57% used [0x00000000c0000000,0x00000000c26b4eb8,0x00000000c4300000)
 Metaspace       used 59214K, committed 60416K, reserved 1114112K
  class space    used 6282K, committed 6848K, reserved 1048576K
}
Event: 66246.387 GC heap after
{Heap after GC invocations=129 (full 3):
 PSYoungGen      total 13824K, used 484K [0x00000000eab00000, 0x00000000ebe80000, 0x0000000100000000)
  eden space 13312K, 0% used [0x00000000eab00000,0x00000000eab00000,0x00000000eb800000)
  from space 512K, 94% used [0x00000000eba80000,0x00000000ebaf9000,0x00000000ebb00000)
  to   space 2560K, 0% used [0x00000000eb800000,0x00000000eb800000,0x00000000eba80000)
 ParOldGen       total 68608K, used 41080K [0x00000000c0000000, 0x00000000c4300000, 0x00000000eab00000)
  object space 68608K, 59% used [0x00000000c0000000,0x00000000c281e198,0x00000000c4300000)
 Metaspace       used 59214K, committed 60416K, reserved 1114112K
  class space    used 6282K, committed 6848K, reserved 1048576K
}
Event: 66246.475 GC heap before
{Heap before GC invocations=130 (full 3):
 PSYoungGen      total 13824K, used 13796K [0x00000000eab00000, 0x00000000ebe80000, 0x0000000100000000)
  eden space 13312K, 100% used [0x00000000eab00000,0x00000000eb800000,0x00000000eb800000)
  from space 512K, 94% used [0x00000000eba80000,0x00000000ebaf9000,0x00000000ebb00000)
  to   space 2560K, 0% used [0x00000000eb800000,0x00000000eb800000,0x00000000eba80000)
 ParOldGen       total 68608K, used 41080K [0x00000000c0000000, 0x00000000c4300000, 0x00000000eab00000)
  object space 68608K, 59% used [0x00000000c0000000,0x00000000c281e198,0x00000000c4300000)
 Metaspace       used 59214K, committed 60416K, reserved 1114112K
  class space    used 6282K, committed 6848K, reserved 1048576K
}
Event: 66246.478 GC heap after
{Heap after GC invocations=130 (full 3):
 PSYoungGen      total 14336K, used 1019K [0x00000000eab00000, 0x00000000ebb00000, 0x0000000100000000)
  eden space 13312K, 0% used [0x00000000eab00000,0x00000000eab00000,0x00000000eb800000)
  from space 1024K, 99% used [0x00000000eb800000,0x00000000eb8fef18,0x00000000eb900000)
  to   space 1536K, 0% used [0x00000000eb980000,0x00000000eb980000,0x00000000ebb00000)
 ParOldGen       total 68608K, used 41596K [0x00000000c0000000, 0x00000000c4300000, 0x00000000eab00000)
  object space 68608K, 60% used [0x00000000c0000000,0x00000000c289f398,0x00000000c4300000)
 Metaspace       used 59214K, committed 60416K, reserved 1114112K
  class space    used 6282K, committed 6848K, reserved 1048576K
}
Event: 66246.582 GC heap before
{Heap before GC invocations=131 (full 3):
 PSYoungGen      total 14336K, used 14331K [0x00000000eab00000, 0x00000000ebb00000, 0x0000000100000000)
  eden space 13312K, 100% used [0x00000000eab00000,0x00000000eb800000,0x00000000eb800000)
  from space 1024K, 99% used [0x00000000eb800000,0x00000000eb8fef18,0x00000000eb900000)
  to   space 1536K, 0% used [0x00000000eb980000,0x00000000eb980000,0x00000000ebb00000)
 ParOldGen       total 68608K, used 41596K [0x00000000c0000000, 0x00000000c4300000, 0x00000000eab00000)
  object space 68608K, 60% used [0x00000000c0000000,0x00000000c289f398,0x00000000c4300000)
 Metaspace       used 59214K, committed 60416K, reserved 1114112K
  class space    used 6282K, committed 6848K, reserved 1048576K
}
Event: 66246.585 GC heap after
{Heap after GC invocations=131 (full 3):
 PSYoungGen      total 14336K, used 615K [0x00000000eab00000, 0x00000000eba80000, 0x0000000100000000)
  eden space 13312K, 0% used [0x00000000eab00000,0x00000000eab00000,0x00000000eb800000)
  from space 1024K, 60% used [0x00000000eb980000,0x00000000eba19c00,0x00000000eba80000)
  to   space 1024K, 0% used [0x00000000eb800000,0x00000000eb800000,0x00000000eb900000)
 ParOldGen       total 68608K, used 41900K [0x00000000c0000000, 0x00000000c4300000, 0x00000000eab00000)
  object space 68608K, 61% used [0x00000000c0000000,0x00000000c28eb398,0x00000000c4300000)
 Metaspace       used 59214K, committed 60416K, reserved 1114112K
  class space    used 6282K, committed 6848K, reserved 1048576K
}
Event: 66246.931 GC heap before
{Heap before GC invocations=132 (full 3):
 PSYoungGen      total 14336K, used 13925K [0x00000000eab00000, 0x00000000eba80000, 0x0000000100000000)
  eden space 13312K, 99% used [0x00000000eab00000,0x00000000eb7ff930,0x00000000eb800000)
  from space 1024K, 60% used [0x00000000eb980000,0x00000000eba19c00,0x00000000eba80000)
  to   space 1024K, 0% used [0x00000000eb800000,0x00000000eb800000,0x00000000eb900000)
 ParOldGen       total 68608K, used 41900K [0x00000000c0000000, 0x00000000c4300000, 0x00000000eab00000)
  object space 68608K, 61% used [0x00000000c0000000,0x00000000c28eb398,0x00000000c4300000)
 Metaspace       used 59439K, committed 60608K, reserved 1114112K
  class space    used 6299K, committed 6848K, reserved 1048576K
}
Event: 66246.944 GC heap after
{Heap after GC invocations=132 (full 3):
 PSYoungGen      total 14336K, used 1024K [0x00000000eab00000, 0x00000000ec000000, 0x0000000100000000)
  eden space 13312K, 0% used [0x00000000eab00000,0x00000000eab00000,0x00000000eb800000)
  from space 1024K, 100% used [0x00000000eb800000,0x00000000eb900000,0x00000000eb900000)
  to   space 4096K, 0% used [0x00000000ebc00000,0x00000000ebc00000,0x00000000ec000000)
 ParOldGen       total 68608K, used 44161K [0x00000000c0000000, 0x00000000c4300000, 0x00000000eab00000)
  object space 68608K, 64% used [0x00000000c0000000,0x00000000c2b20628,0x00000000c4300000)
 Metaspace       used 59439K, committed 60608K, reserved 1114112K
  class space    used 6299K, committed 6848K, reserved 1048576K
}
Event: 66247.909 GC heap before
{Heap before GC invocations=133 (full 3):
 PSYoungGen      total 14336K, used 14336K [0x00000000eab00000, 0x00000000ec000000, 0x0000000100000000)
  eden space 13312K, 100% used [0x00000000eab00000,0x00000000eb800000,0x00000000eb800000)
  from space 1024K, 100% used [0x00000000eb800000,0x00000000eb900000,0x00000000eb900000)
  to   space 4096K, 0% used [0x00000000ebc00000,0x00000000ebc00000,0x00000000ec000000)
 ParOldGen       total 68608K, used 44161K [0x00000000c0000000, 0x00000000c4300000, 0x00000000eab00000)
  object space 68608K, 64% used [0x00000000c0000000,0x00000000c2b20628,0x00000000c4300000)
 Metaspace       used 60864K, committed 62080K, reserved 1114112K
  class space    used 6453K, committed 6976K, reserved 1048576K
}
Event: 66247.916 GC heap after
{Heap after GC invocations=133 (full 3):
 PSYoungGen      total 15360K, used 1756K [0x00000000eab00000, 0x00000000ebe00000, 0x0000000100000000)
  eden space 13312K, 0% used [0x00000000eab00000,0x00000000eab00000,0x00000000eb800000)
  from space 2048K, 85% used [0x00000000ebc00000,0x00000000ebdb72c8,0x00000000ebe00000)
  to   space 2560K, 0% used [0x00000000eb900000,0x00000000eb900000,0x00000000ebb80000)
 ParOldGen       total 68608K, used 45212K [0x00000000c0000000, 0x00000000c4300000, 0x00000000eab00000)
  object space 68608K, 65% used [0x00000000c0000000,0x00000000c2c27198,0x00000000c4300000)
 Metaspace       used 60864K, committed 62080K, reserved 1114112K
  class space    used 6453K, committed 6976K, reserved 1048576K
}
Event: 66249.113 GC heap before
{Heap before GC invocations=134 (full 3):
 PSYoungGen      total 15360K, used 15068K [0x00000000eab00000, 0x00000000ebe00000, 0x0000000100000000)
  eden space 13312K, 100% used [0x00000000eab00000,0x00000000eb800000,0x00000000eb800000)
  from space 2048K, 85% used [0x00000000ebc00000,0x00000000ebdb72c8,0x00000000ebe00000)
  to   space 2560K, 0% used [0x00000000eb900000,0x00000000eb900000,0x00000000ebb80000)
 ParOldGen       total 68608K, used 45212K [0x00000000c0000000, 0x00000000c4300000, 0x00000000eab00000)
  object space 68608K, 65% used [0x00000000c0000000,0x00000000c2c27198,0x00000000c4300000)
 Metaspace       used 61762K, committed 62912K, reserved 1114112K
  class space    used 6548K, committed 7040K, reserved 1048576K
}
Event: 66249.123 GC heap after
{Heap after GC invocations=134 (full 3):
 PSYoungGen      total 15872K, used 2065K [0x00000000eab00000, 0x00000000ebd00000, 0x0000000100000000)
  eden space 13312K, 0% used [0x00000000eab00000,0x00000000eab00000,0x00000000eb800000)
  from space 2560K, 80% used [0x00000000eb900000,0x00000000ebb04718,0x00000000ebb80000)
  to   space 1536K, 0% used [0x00000000ebb80000,0x00000000ebb80000,0x00000000ebd00000)
 ParOldGen       total 68608K, used 46877K [0x00000000c0000000, 0x00000000c4300000, 0x00000000eab00000)
  object space 68608K, 68% used [0x00000000c0000000,0x00000000c2dc7520,0x00000000c4300000)
 Metaspace       used 61762K, committed 62912K, reserved 1114112K
  class space    used 6548K, committed 7040K, reserved 1048576K
}
Event: 66249.412 GC heap before
{Heap before GC invocations=135 (full 3):
 PSYoungGen      total 15872K, used 15361K [0x00000000eab00000, 0x00000000ebd00000, 0x0000000100000000)
  eden space 13312K, 99% used [0x00000000eab00000,0x00000000eb7fbf40,0x00000000eb800000)
  from space 2560K, 80% used [0x00000000eb900000,0x00000000ebb04718,0x00000000ebb80000)
  to   space 1536K, 0% used [0x00000000ebb80000,0x00000000ebb80000,0x00000000ebd00000)
 ParOldGen       total 68608K, used 46877K [0x00000000c0000000, 0x00000000c4300000, 0x00000000eab00000)
  object space 68608K, 68% used [0x00000000c0000000,0x00000000c2dc7520,0x00000000c4300000)
 Metaspace       used 61793K, committed 62912K, reserved 1114112K
  class space    used 6549K, committed 7040K, reserved 1048576K
}
Event: 66249.421 GC heap after
{Heap after GC invocations=135 (full 3):
 PSYoungGen      total 13824K, used 314K [0x00000000eab00000, 0x00000000ebc00000, 0x0000000100000000)
  eden space 13312K, 0% used [0x00000000eab00000,0x00000000eab00000,0x00000000eb800000)
  from space 512K, 61% used [0x00000000ebb80000,0x00000000ebbce930,0x00000000ebc00000)
  to   space 1024K, 0% used [0x00000000eba00000,0x00000000eba00000,0x00000000ebb00000)
 ParOldGen       total 68608K, used 47945K [0x00000000c0000000, 0x00000000c4300000, 0x00000000eab00000)
  object space 68608K, 69% used [0x00000000c0000000,0x00000000c2ed2748,0x00000000c4300000)
 Metaspace       used 61793K, committed 62912K, reserved 1114112K
  class space    used 6549K, committed 7040K, reserved 1048576K
}
Event: 66249.546 GC heap before
{Heap before GC invocations=136 (full 3):
 PSYoungGen      total 13824K, used 13573K [0x00000000eab00000, 0x00000000ebc00000, 0x0000000100000000)
  eden space 13312K, 99% used [0x00000000eab00000,0x00000000eb7f2d28,0x00000000eb800000)
  from space 512K, 61% used [0x00000000ebb80000,0x00000000ebbce930,0x00000000ebc00000)
  to   space 1024K, 0% used [0x00000000eba00000,0x00000000eba00000,0x00000000ebb00000)
 ParOldGen       total 68608K, used 47945K [0x00000000c0000000, 0x00000000c4300000, 0x00000000eab00000)
  object space 68608K, 69% used [0x00000000c0000000,0x00000000c2ed2748,0x00000000c4300000)
 Metaspace       used 61802K, committed 62912K, reserved 1114112K
  class space    used 6550K, committed 7040K, reserved 1048576K
}
Event: 66249.547 GC heap after
{Heap after GC invocations=136 (full 3):
 PSYoungGen      total 14336K, used 270K [0x00000000eab00000, 0x00000000ebc00000, 0x0000000100000000)
  eden space 13312K, 0% used [0x00000000eab00000,0x00000000eab00000,0x00000000eb800000)
  from space 1024K, 26% used [0x00000000eba00000,0x00000000eba43818,0x00000000ebb00000)
  to   space 512K, 0% used [0x00000000ebb80000,0x00000000ebb80000,0x00000000ebc00000)
 ParOldGen       total 68608K, used 47961K [0x00000000c0000000, 0x00000000c4300000, 0x00000000eab00000)
  object space 68608K, 69% used [0x00000000c0000000,0x00000000c2ed6748,0x00000000c4300000)
 Metaspace       used 61802K, committed 62912K, reserved 1114112K
  class space    used 6550K, committed 7040K, reserved 1048576K
}

